0 info it worked if it ends with ok
1 verbose cli [ '/usr/bin/nodejs', '/usr/bin/npm', 'run', 'build' ]
2 info using npm@3.5.2
3 info using node@v4.2.6
4 verbose run-script [ 'prebuild', 'build', 'postbuild' ]
5 info lifecycle graphql-server-example@1.0.0~prebuild: graphql-server-example@1.0.0
6 silly lifecycle graphql-server-example@1.0.0~prebuild: no script for prebuild, continuing
7 info lifecycle graphql-server-example@1.0.0~build: graphql-server-example@1.0.0
8 verbose lifecycle graphql-server-example@1.0.0~build: unsafe-perm in lifecycle true
9 verbose lifecycle graphql-server-example@1.0.0~build: PATH: /usr/share/npm/bin/node-gyp-bin:/home/ubuntu/iut-notes/node_modules/.bin:/home/ubuntu/bin:/home/ubuntu/.local/bin:/usr/local/sbin:/usr/local/bin:/usr/sbin:/usr/bin:/sbin:/bin:/usr/games:/usr/local/games:/snap/bin
10 verbose lifecycle graphql-server-example@1.0.0~build: CWD: /home/ubuntu/iut-notes
11 silly lifecycle graphql-server-example@1.0.0~build: Args: [ '-c',
11 silly lifecycle   'npm install && rm -rf build && cd ./frontend && npm install && npm run build && mv build ../ && cd ../' ]
12 silly lifecycle graphql-server-example@1.0.0~build: Returned: code: 1  signal: null
13 info lifecycle graphql-server-example@1.0.0~build: Failed to exec build script
14 verbose stack Error: graphql-server-example@1.0.0 build: `npm install && rm -rf build && cd ./frontend && npm install && npm run build && mv build ../ && cd ../`
14 verbose stack Exit status 1
14 verbose stack     at EventEmitter.<anonymous> (/usr/share/npm/lib/utils/lifecycle.js:232:16)
14 verbose stack     at emitTwo (events.js:87:13)
14 verbose stack     at EventEmitter.emit (events.js:172:7)
14 verbose stack     at ChildProcess.<anonymous> (/usr/share/npm/lib/utils/spawn.js:24:14)
14 verbose stack     at emitTwo (events.js:87:13)
14 verbose stack     at ChildProcess.emit (events.js:172:7)
14 verbose stack     at maybeClose (internal/child_process.js:821:16)
14 verbose stack     at Process.ChildProcess._handle.onexit (internal/child_process.js:211:5)
15 verbose pkgid graphql-server-example@1.0.0
16 verbose cwd /home/ubuntu/iut-notes
17 error Linux 4.4.0-1075-aws
18 error argv "/usr/bin/nodejs" "/usr/bin/npm" "run" "build"
19 error node v4.2.6
20 error npm  v3.5.2
21 error code ELIFECYCLE
22 error graphql-server-example@1.0.0 build: `npm install && rm -rf build && cd ./frontend && npm install && npm run build && mv build ../ && cd ../`
22 error Exit status 1
23 error Failed at the graphql-server-example@1.0.0 build script 'npm install && rm -rf build && cd ./frontend && npm install && npm run build && mv build ../ && cd ../'.
23 error Make sure you have the latest version of node.js and npm installed.
23 error If you do, this is most likely a problem with the graphql-server-example package,
23 error not with npm itself.
23 error Tell the author that this fails on your system:
23 error     npm install && rm -rf build && cd ./frontend && npm install && npm run build && mv build ../ && cd ../
23 error You can get information on how to open an issue for this project with:
23 error     npm bugs graphql-server-example
23 error Or if that isn't available, you can get their info via:
23 error     npm owner ls graphql-server-example
23 error There is likely additional logging output above.
24 verbose exit [ 1, true ]
